2026-02-16 14:19:27 - api.main - INFO - Table cache cleared on startup
2026-02-16 14:19:40 - api.main - INFO - GET /api/health
2026-02-16 14:20:13 - api.main - INFO - GET /
2026-02-16 14:21:20 - api.main - INFO - GET /api/kpis
2026-02-16 14:21:20 - api.main - INFO - GET /api/products/top
2026-02-16 14:21:20 - api.main - INFO - GET /api/stream/status
2026-02-16 14:21:20 - api.main - INFO - GET /api/sales/city
2026-02-16 14:21:20 - api.main - INFO - GET /api/revenue/timeseries
2026-02-16 14:21:25 - api.main - INFO - GET /api/stream/status
2026-02-16 14:21:27 - api.main - INFO - GET /api/trends/seasonal
2026-02-16 14:21:27 - api.main - INFO - GET /api/inventory/turnover
2026-02-16 14:21:30 - api.main - INFO - GET /api/customers/segmentation
2026-02-16 14:21:30 - api.main - INFO - GET /api/clv
2026-02-16 14:21:30 - api.main - INFO - GET /api/basket
2026-02-16 14:21:30 - api.main - INFO - GET /api/stream/status
2026-02-16 14:21:31 - api.main - INFO - GET /api/data-quality/kpis
2026-02-16 14:21:31 - api.main - INFO - GET /api/data-quality/trend
2026-02-16 14:21:31 - api.main - INFO - GET /api/data-quality/checks
2026-02-16 14:21:33 - api.main - INFO - GET /api/customers/segmentation
2026-02-16 14:21:33 - api.main - INFO - GET /api/clv
2026-02-16 14:21:33 - api.main - INFO - GET /api/basket
2026-02-16 14:21:35 - api.main - INFO - GET /api/stream/status
2026-02-16 14:21:36 - api.main - INFO - GET /api/kpis
2026-02-16 14:21:36 - api.main - INFO - GET /api/revenue/timeseries
2026-02-16 14:21:36 - api.main - INFO - GET /api/sales/city
2026-02-16 14:21:36 - api.main - INFO - GET /api/products/top
2026-02-16 14:21:37 - api.main - INFO - POST /api/stream/start
2026-02-16 14:21:40 - api.main - INFO - GET /api/stream/status
2026-02-16 14:21:45 - api.main - INFO - GET /api/stream/status
2026-02-16 14:21:45 - api.main - INFO - GET /api/trends/seasonal
2026-02-16 14:21:45 - api.main - INFO - GET /api/inventory/turnover
2026-02-16 14:21:48 - api.main - INFO - GET /api/customers/segmentation
2026-02-16 14:21:48 - api.main - INFO - GET /api/clv
2026-02-16 14:21:48 - api.main - INFO - GET /api/basket
2026-02-16 14:21:50 - api.main - INFO - GET /api/stream/status
2026-02-16 14:21:50 - api.main - INFO - GET /api/kpis
2026-02-16 14:21:50 - api.main - INFO - GET /api/revenue/timeseries
2026-02-16 14:21:50 - api.main - INFO - GET /api/sales/city
2026-02-16 14:21:50 - api.main - INFO - GET /api/products/top
2026-02-16 14:21:55 - api.main - INFO - GET /api/stream/status
2026-02-16 14:22:00 - api.main - INFO - GET /api/stream/status
2026-02-16 14:22:00 - api.main - INFO - GET /api/stream/status
2026-02-16 14:22:01 - api.main - INFO - GET /api/revenue/timeseries
2026-02-16 14:22:01 - api.main - INFO - GET /api/kpis
2026-02-16 14:22:01 - api.main - INFO - GET /api/sales/city
2026-02-16 14:22:01 - api.main - INFO - GET /api/products/top
2026-02-16 14:22:05 - api.main - INFO - GET /api/stream/status
2026-02-16 14:22:10 - api.main - INFO - GET /api/stream/status
2026-02-16 14:22:10 - api.main - INFO - GET /api/stream/status
2026-02-16 14:22:11 - api.main - INFO - GET /api/kpis
2026-02-16 14:22:11 - api.main - INFO - GET /api/products/top
2026-02-16 14:22:11 - api.main - INFO - GET /api/revenue/timeseries
2026-02-16 14:22:11 - api.main - INFO - GET /api/sales/city
2026-02-16 14:22:15 - api.main - INFO - GET /api/stream/status
2026-02-16 14:22:20 - api.main - INFO - GET /api/stream/status
2026-02-16 14:22:20 - api.main - INFO - GET /api/stream/status
2026-02-16 14:22:21 - api.main - INFO - GET /api/kpis
2026-02-16 14:22:21 - api.main - INFO - GET /api/revenue/timeseries
2026-02-16 14:22:21 - api.main - INFO - GET /api/sales/city
2026-02-16 14:22:21 - api.main - INFO - GET /api/products/top
2026-02-16 14:22:25 - api.main - INFO - GET /api/stream/status
2026-02-16 14:22:30 - api.main - INFO - GET /api/stream/status
2026-02-16 14:22:35 - api.main - INFO - GET /api/stream/status
2026-02-16 14:22:37 - api.main - INFO - POST /api/ask
2026-02-16 14:22:39 - api.main - INFO - GET /api/inventory/turnover
2026-02-16 14:22:39 - api.main - INFO - GET /api/trends/seasonal
2026-02-16 14:22:40 - api.main - INFO - GET /api/stream/status
2026-02-16 14:22:43 - api.main - INFO - GET /api/customers/segmentation
2026-02-16 14:22:43 - api.main - INFO - GET /api/clv
2026-02-16 14:22:43 - api.main - INFO - GET /api/basket
2026-02-16 14:22:45 - api.main - INFO - GET /api/stream/status
2026-02-16 14:22:50 - api.main - INFO - GET /api/stream/status
2026-02-16 14:22:53 - api.main - INFO - GET /api/stream/status
2026-02-16 14:22:53 - api.main - INFO - GET /api/customers/segmentation
2026-02-16 14:22:53 - api.main - INFO - GET /api/basket
2026-02-16 14:22:53 - api.main - INFO - GET /api/clv
2026-02-16 14:22:53 - api.main - INFO - GET /api/data-quality/trend
2026-02-16 14:22:53 - api.main - INFO - GET /api/data-quality/kpis
2026-02-16 14:22:53 - api.main - INFO - GET /api/data-quality/checks
2026-02-16 14:22:55 - api.main - INFO - GET /api/customers/segmentation
2026-02-16 14:22:55 - api.main - INFO - GET /api/clv
2026-02-16 14:22:55 - api.main - INFO - GET /api/basket
2026-02-16 14:22:55 - api.main - INFO - GET /api/stream/status
2026-02-16 14:22:56 - api.main - INFO - GET /api/inventory/turnover
2026-02-16 14:22:56 - api.main - INFO - GET /api/trends/seasonal
2026-02-16 14:23:00 - api.main - INFO - GET /api/stream/status
2026-02-16 14:23:01 - api.main - INFO - GET /api/data-quality/kpis
2026-02-16 14:23:01 - api.main - INFO - GET /api/data-quality/trend
2026-02-16 14:23:01 - api.main - INFO - GET /api/data-quality/checks
2026-02-16 14:23:05 - api.main - INFO - GET /api/stream/status
2026-02-16 14:23:10 - api.main - INFO - GET /api/stream/status
2026-02-16 14:23:15 - api.main - INFO - GET /api/stream/status
2026-02-16 14:23:20 - api.main - INFO - GET /api/stream/status
2026-02-16 14:23:22 - api.main - INFO - GET /api/customers/segmentation
2026-02-16 14:23:22 - api.main - INFO - GET /api/clv
2026-02-16 14:23:22 - api.main - INFO - GET /api/basket
2026-02-16 14:23:24 - api.main - INFO - GET /api/inventory/turnover
2026-02-16 14:23:24 - api.main - INFO - GET /api/trends/seasonal
2026-02-16 14:23:25 - api.main - INFO - GET /api/stream/status
2026-02-16 14:23:26 - api.main - INFO - GET /api/kpis
2026-02-16 14:23:26 - api.main - INFO - GET /api/products/top
2026-02-16 14:23:26 - api.main - INFO - GET /api/sales/city
2026-02-16 14:23:26 - api.main - INFO - GET /api/revenue/timeseries
2026-02-16 14:23:28 - api.main - INFO - POST /api/stream/stop
2026-02-16 14:23:30 - api.main - INFO - GET /api/inventory/turnover
2026-02-16 14:23:30 - api.main - INFO - GET /api/trends/seasonal
2026-02-16 14:23:30 - api.main - INFO - GET /api/stream/status
2026-02-16 14:23:35 - api.main - INFO - GET /api/stream/status
2026-02-16 14:23:36 - api.main - INFO - GET /api/clv
2026-02-16 14:23:36 - api.main - INFO - GET /api/customers/segmentation
2026-02-16 14:23:36 - api.main - INFO - GET /api/basket
2026-02-16 14:23:40 - api.main - INFO - GET /api/stream/status
2026-02-16 14:23:45 - api.main - INFO - GET /api/stream/status
2026-02-16 14:23:46 - api.main - INFO - GET /api/stream/status
2026-02-16 14:23:50 - api.main - INFO - GET /api/stream/status
2026-02-16 14:23:55 - api.main - INFO - GET /api/stream/status
2026-02-16 14:23:56 - api.main - INFO - GET /api/stream/status
2026-02-16 14:24:00 - api.main - INFO - GET /api/stream/status
2026-02-16 14:24:05 - api.main - INFO - GET /api/stream/status
2026-02-16 14:24:06 - api.main - INFO - GET /api/stream/status
2026-02-16 14:24:10 - api.main - INFO - GET /api/stream/status
2026-02-16 14:24:15 - api.main - INFO - GET /api/stream/status
2026-02-16 14:24:16 - api.main - INFO - GET /api/stream/status
2026-02-16 14:24:20 - api.main - INFO - GET /api/stream/status
2026-02-16 14:24:25 - api.main - INFO - GET /api/stream/status
2026-02-16 14:24:26 - api.main - INFO - GET /api/stream/status
2026-02-16 14:24:30 - api.main - INFO - GET /api/stream/status
2026-02-16 14:24:35 - api.main - INFO - GET /api/stream/status
2026-02-16 14:24:36 - api.main - INFO - GET /api/stream/status
2026-02-16 14:24:40 - api.main - INFO - GET /api/stream/status
2026-02-16 14:24:45 - api.main - INFO - GET /api/stream/status
2026-02-16 14:24:46 - api.main - INFO - GET /api/stream/status
2026-02-16 14:24:50 - api.main - INFO - GET /api/stream/status
2026-02-16 14:24:55 - api.main - INFO - GET /api/stream/status
2026-02-16 14:24:56 - api.main - INFO - GET /api/stream/status
2026-02-16 14:24:58 - api.main - INFO - GET /api/kpis
2026-02-16 14:24:58 - api.main - INFO - GET /api/products/top
2026-02-16 14:24:58 - api.main - INFO - GET /api/sales/city
2026-02-16 14:24:58 - api.main - INFO - GET /api/revenue/timeseries
2026-02-16 14:24:59 - api.main - INFO - Table cache cleared on startup
2026-02-16 14:25:00 - api.main - INFO - Table cache cleared on startup
2026-02-16 14:25:00 - api.main - INFO - GET /api/stream/status
2026-02-16 14:25:05 - api.main - INFO - GET /api/stream/status
2026-02-16 14:25:08 - api.main - INFO - GET /api/stream/status
2026-02-16 14:25:10 - api.main - INFO - GET /api/stream/status
2026-02-16 14:25:15 - api.main - INFO - GET /api/stream/status
2026-02-16 14:25:18 - api.main - INFO - GET /api/stream/status
2026-02-16 14:25:20 - api.main - INFO - GET /api/stream/status
2026-02-16 14:25:25 - api.main - INFO - GET /api/stream/status
2026-02-16 14:25:28 - api.main - INFO - GET /api/stream/status
2026-02-16 14:25:30 - api.main - INFO - GET /api/stream/status
2026-02-16 14:25:35 - api.main - INFO - GET /api/stream/status
2026-02-16 14:25:38 - api.main - INFO - GET /api/stream/status
2026-02-16 14:25:40 - api.main - INFO - GET /api/stream/status
2026-02-16 14:25:45 - api.main - INFO - GET /api/stream/status
2026-02-16 14:25:48 - api.main - INFO - GET /api/stream/status
2026-02-16 14:25:50 - api.main - INFO - GET /api/stream/status
2026-02-16 14:25:55 - api.main - INFO - GET /api/stream/status
2026-02-16 14:25:58 - api.main - INFO - GET /api/stream/status
2026-02-16 14:26:00 - api.main - INFO - GET /api/stream/status
2026-02-16 14:26:05 - api.main - INFO - GET /api/stream/status
2026-02-16 14:26:08 - api.main - INFO - GET /api/stream/status
2026-02-16 14:26:10 - api.main - INFO - GET /api/stream/status
2026-02-16 14:26:15 - api.main - INFO - GET /api/stream/status
2026-02-16 14:26:18 - api.main - INFO - GET /api/stream/status
2026-02-16 14:26:20 - api.main - INFO - GET /api/stream/status
2026-02-16 14:26:25 - api.main - INFO - GET /api/stream/status
2026-02-16 14:26:28 - api.main - INFO - GET /api/stream/status
2026-02-16 14:26:30 - api.main - INFO - GET /api/stream/status
2026-02-16 14:26:35 - api.main - INFO - GET /api/stream/status
2026-02-16 14:26:38 - api.main - INFO - GET /api/stream/status
2026-02-16 14:26:40 - api.main - INFO - GET /api/stream/status
2026-02-16 14:26:45 - api.main - INFO - GET /api/stream/status
2026-02-16 14:26:48 - api.main - INFO - GET /api/stream/status
2026-02-16 14:26:50 - api.main - INFO - GET /api/stream/status
2026-02-16 14:26:55 - api.main - INFO - GET /api/stream/status
2026-02-16 14:26:58 - api.main - INFO - GET /api/stream/status
2026-02-16 14:27:00 - api.main - INFO - GET /api/stream/status
2026-02-16 14:27:05 - api.main - INFO - GET /api/stream/status
2026-02-16 14:27:08 - api.main - INFO - GET /api/stream/status
2026-02-16 14:27:10 - api.main - INFO - GET /api/stream/status
2026-02-16 14:27:15 - api.main - INFO - GET /api/stream/status
2026-02-16 14:27:18 - api.main - INFO - GET /api/stream/status
2026-02-16 14:27:20 - api.main - INFO - GET /api/stream/status
2026-02-16 14:27:25 - api.main - INFO - GET /api/stream/status
2026-02-16 14:27:28 - api.main - INFO - GET /api/stream/status
2026-02-16 14:27:30 - api.main - INFO - GET /api/stream/status
2026-02-16 14:27:35 - api.main - INFO - GET /api/stream/status
2026-02-16 14:27:38 - api.main - INFO - GET /api/stream/status
2026-02-16 14:27:40 - api.main - INFO - GET /api/stream/status
2026-02-16 14:27:45 - api.main - INFO - GET /api/stream/status
2026-02-16 14:27:48 - api.main - INFO - GET /api/stream/status
2026-02-16 14:27:50 - api.main - INFO - GET /api/stream/status
2026-02-16 14:27:55 - api.main - INFO - GET /api/stream/status
2026-02-16 14:27:58 - api.main - INFO - GET /api/stream/status
2026-02-16 14:28:00 - api.main - INFO - GET /api/stream/status
2026-02-16 14:28:05 - api.main - INFO - GET /api/stream/status
2026-02-16 14:28:08 - api.main - INFO - GET /api/stream/status
2026-02-16 14:28:10 - api.main - INFO - GET /api/stream/status
2026-02-16 14:28:15 - api.main - INFO - GET /api/stream/status
2026-02-16 14:28:18 - api.main - INFO - GET /api/stream/status
2026-02-16 14:28:20 - api.main - INFO - GET /api/stream/status
2026-02-16 14:28:25 - api.main - INFO - GET /api/stream/status
2026-02-16 14:28:28 - api.main - INFO - GET /api/stream/status
2026-02-16 14:28:30 - api.main - INFO - GET /api/stream/status
2026-02-16 14:28:42 - api.main - INFO - GET /api/stream/status
2026-02-16 14:28:42 - api.main - INFO - GET /api/stream/status
2026-02-16 14:28:50 - api.main - INFO - GET /api/stream/status
2026-02-16 14:28:50 - api.main - INFO - GET /api/stream/status
2026-02-16 14:28:55 - api.main - INFO - GET /api/stream/status
2026-02-16 14:28:58 - api.main - INFO - GET /api/stream/status
2026-02-16 14:29:00 - api.main - INFO - GET /api/stream/status
2026-02-16 14:29:05 - api.main - INFO - GET /api/stream/status
2026-02-16 14:29:08 - api.main - INFO - GET /api/stream/status
2026-02-16 14:29:09 - api.main - INFO - POST /api/upload/scan
2026-02-16 14:29:11 - api.main - INFO - GET /api/kpis
2026-02-16 14:29:11 - api.main - INFO - GET /api/sales/city
2026-02-16 14:29:11 - api.main - INFO - GET /api/revenue/timeseries
2026-02-16 14:29:11 - api.main - INFO - GET /api/stream/status
2026-02-16 14:29:11 - api.main - INFO - GET /api/products/top
2026-02-16 14:29:16 - api.main - INFO - GET /api/stream/status
2026-02-16 14:29:21 - api.main - INFO - GET /api/stream/status
2026-02-16 14:29:21 - api.main - INFO - GET /api/stream/status
2026-02-16 14:29:26 - api.main - INFO - GET /api/stream/status
2026-02-16 14:29:29 - api.main - INFO - POST /api/upload/scan
2026-02-16 14:33:47 - api.main - INFO - GET /api/kpis
2026-02-16 14:33:47 - api.main - INFO - GET /api/sales/city
2026-02-16 14:33:47 - api.main - INFO - GET /api/products/top
2026-02-16 14:33:47 - api.main - INFO - GET /api/revenue/timeseries
2026-02-16 14:33:47 - api.main - INFO - GET /api/stream/status
2026-02-16 14:33:51 - api.main - INFO - GET /api/inventory/turnover
2026-02-16 14:33:51 - api.main - INFO - GET /api/trends/seasonal
2026-02-16 14:33:52 - api.main - INFO - POST /api/stream/start
2026-02-16 14:33:52 - api.main - INFO - Stream started with burst data generation
2026-02-16 14:33:52 - api.main - INFO - GET /api/stream/status
2026-02-16 14:33:57 - api.main - INFO - GET /api/stream/status
2026-02-16 14:34:01 - api.main - INFO - GET /api/stream/status
2026-02-16 14:34:01 - api.main - INFO - GET /api/inventory/turnover
2026-02-16 14:34:01 - api.main - INFO - GET /api/trends/seasonal
2026-02-16 14:34:02 - api.main - INFO - GET /api/stream/status
2026-02-16 14:34:07 - api.main - INFO - GET /api/basket
2026-02-16 14:34:07 - api.main - INFO - GET /api/customers/segmentation
2026-02-16 14:34:07 - api.main - INFO - GET /api/clv
2026-02-16 14:34:07 - api.main - INFO - GET /api/stream/status
2026-02-16 14:34:12 - api.main - INFO - GET /api/data-quality/kpis
2026-02-16 14:34:12 - api.main - INFO - GET /api/data-quality/trend
2026-02-16 14:34:12 - api.main - INFO - GET /api/data-quality/checks
2026-02-16 14:34:12 - api.main - INFO - GET /api/stream/status
2026-02-16 14:34:16 - api.main - INFO - GET /api/kpis
2026-02-16 14:34:16 - api.main - INFO - GET /api/sales/city
2026-02-16 14:34:16 - api.main - INFO - GET /api/revenue/timeseries
2026-02-16 14:34:16 - api.main - INFO - GET /api/products/top
2026-02-16 14:34:17 - api.main - INFO - GET /api/stream/status
2026-02-16 14:34:19 - api.main - INFO - DELETE /api/data/reset
2026-02-16 14:34:22 - api.main - INFO - GET /api/stream/status
2026-02-16 14:34:23 - api.main - INFO - GET /api/kpis
2026-02-16 14:34:23 - api.main - INFO - GET /api/sales/city
2026-02-16 14:34:23 - api.main - INFO - GET /api/revenue/timeseries
2026-02-16 14:34:23 - api.main - INFO - GET /api/products/top
2026-02-16 14:34:23 - api.main - INFO - GET /api/stream/status
2026-02-16 14:34:25 - api.main - INFO - POST /api/stream/stop
2026-02-16 14:34:28 - api.main - INFO - GET /api/stream/status
2026-02-16 14:34:33 - api.main - INFO - GET /api/stream/status
2026-02-16 14:34:33 - api.main - INFO - GET /api/stream/status
2026-02-16 14:34:38 - api.main - INFO - GET /api/stream/status
2026-02-16 14:34:43 - api.main - INFO - GET /api/stream/status
2026-02-16 14:34:43 - api.main - INFO - GET /api/stream/status
2026-02-16 14:34:48 - api.main - INFO - GET /api/stream/status
2026-02-16 14:34:53 - api.main - INFO - GET /api/stream/status
2026-02-16 14:34:53 - api.main - INFO - GET /api/stream/status
2026-02-16 14:34:58 - api.main - INFO - GET /api/stream/status
2026-02-16 14:35:03 - api.main - INFO - GET /api/stream/status
2026-02-16 14:35:03 - api.main - INFO - GET /api/stream/status
2026-02-16 14:35:08 - api.main - INFO - GET /api/stream/status
2026-02-16 14:35:13 - api.main - INFO - GET /api/stream/status
2026-02-16 14:35:13 - api.main - INFO - GET /api/stream/status
2026-02-16 14:35:18 - api.main - INFO - GET /api/stream/status
2026-02-16 14:35:23 - api.main - INFO - GET /api/stream/status
2026-02-16 14:35:23 - api.main - INFO - GET /api/stream/status
2026-02-16 14:35:28 - api.main - INFO - GET /api/stream/status
2026-02-16 14:35:33 - api.main - INFO - GET /api/stream/status
2026-02-16 14:35:33 - api.main - INFO - GET /api/stream/status
2026-02-16 14:35:38 - api.main - INFO - GET /api/stream/status
2026-02-16 14:35:43 - api.main - INFO - GET /api/stream/status
2026-02-16 14:35:43 - api.main - INFO - GET /api/stream/status
2026-02-16 14:35:48 - api.main - INFO - GET /api/stream/status
2026-02-16 14:35:53 - api.main - INFO - GET /api/stream/status
2026-02-16 14:35:53 - api.main - INFO - GET /api/stream/status
2026-02-16 14:35:58 - api.main - INFO - GET /api/stream/status
2026-02-16 14:36:03 - api.main - INFO - GET /api/stream/status
2026-02-16 14:36:03 - api.main - INFO - GET /api/stream/status
2026-02-16 14:36:08 - api.main - INFO - GET /api/stream/status
2026-02-16 14:36:13 - api.main - INFO - GET /api/stream/status
2026-02-16 14:36:13 - api.main - INFO - GET /api/stream/status
2026-02-16 14:36:18 - api.main - INFO - GET /api/stream/status
2026-02-16 14:36:23 - api.main - INFO - GET /api/stream/status
2026-02-16 14:36:23 - api.main - INFO - GET /api/stream/status
2026-02-16 14:36:28 - api.main - INFO - GET /api/stream/status
2026-02-16 14:36:33 - api.main - INFO - GET /api/stream/status
2026-02-16 14:36:33 - api.main - INFO - GET /api/stream/status
2026-02-16 14:36:38 - api.main - INFO - GET /api/stream/status
2026-02-16 14:36:43 - api.main - INFO - GET /api/stream/status
2026-02-16 14:36:43 - api.main - INFO - GET /api/stream/status
2026-02-16 14:36:48 - api.main - INFO - GET /api/stream/status
2026-02-16 14:36:53 - api.main - INFO - GET /api/stream/status
2026-02-16 14:36:53 - api.main - INFO - GET /api/stream/status
2026-02-16 14:36:58 - api.main - INFO - GET /api/stream/status
2026-02-16 14:37:03 - api.main - INFO - GET /api/stream/status
2026-02-16 14:37:03 - api.main - INFO - GET /api/stream/status
2026-02-16 14:37:08 - api.main - INFO - GET /api/stream/status
2026-02-16 14:37:13 - api.main - INFO - GET /api/stream/status
2026-02-16 14:37:13 - api.main - INFO - GET /api/stream/status
2026-02-16 14:37:18 - api.main - INFO - GET /api/stream/status
2026-02-16 14:37:23 - api.main - INFO - GET /api/stream/status
2026-02-16 14:37:23 - api.main - INFO - GET /api/stream/status
2026-02-16 14:37:28 - api.main - INFO - GET /api/stream/status
2026-02-16 14:37:33 - api.main - INFO - GET /api/stream/status
2026-02-16 14:37:33 - api.main - INFO - GET /api/stream/status
2026-02-16 14:37:38 - api.main - INFO - GET /api/stream/status
2026-02-16 14:37:43 - api.main - INFO - GET /api/stream/status
2026-02-16 14:37:43 - api.main - INFO - GET /api/stream/status
2026-02-16 14:37:48 - api.main - INFO - GET /api/stream/status
2026-02-16 14:37:53 - api.main - INFO - GET /api/stream/status
2026-02-16 14:37:53 - api.main - INFO - GET /api/stream/status
2026-02-16 14:37:58 - api.main - INFO - GET /api/stream/status
2026-02-16 14:38:03 - api.main - INFO - GET /api/stream/status
2026-02-16 14:38:03 - api.main - INFO - GET /api/stream/status
2026-02-16 14:38:08 - api.main - INFO - GET /api/stream/status
2026-02-16 14:38:13 - api.main - INFO - GET /api/stream/status
2026-02-16 14:38:13 - api.main - INFO - GET /api/stream/status
2026-02-16 14:38:18 - api.main - INFO - GET /api/stream/status
2026-02-16 14:38:23 - api.main - INFO - GET /api/stream/status
2026-02-16 14:38:23 - api.main - INFO - GET /api/stream/status
2026-02-16 14:38:28 - api.main - INFO - GET /api/stream/status
2026-02-16 14:38:33 - api.main - INFO - GET /api/stream/status
2026-02-16 14:38:33 - api.main - INFO - GET /api/stream/status
2026-02-16 14:38:38 - api.main - INFO - GET /api/stream/status
2026-02-16 14:38:43 - api.main - INFO - GET /api/stream/status
2026-02-16 14:38:43 - api.main - INFO - GET /api/stream/status
2026-02-16 14:38:48 - api.main - INFO - GET /api/stream/status
2026-02-16 14:38:53 - api.main - INFO - GET /api/stream/status
2026-02-16 14:38:53 - api.main - INFO - GET /api/stream/status
2026-02-16 14:38:58 - api.main - INFO - GET /api/stream/status
2026-02-16 14:39:03 - api.main - INFO - GET /api/stream/status
2026-02-16 14:39:03 - api.main - INFO - GET /api/stream/status
2026-02-16 14:39:08 - api.main - INFO - GET /api/stream/status
2026-02-16 14:39:13 - api.main - INFO - GET /api/stream/status
2026-02-16 14:39:13 - api.main - INFO - GET /api/stream/status
2026-02-16 14:39:18 - api.main - INFO - GET /api/stream/status
2026-02-16 14:39:23 - api.main - INFO - GET /api/stream/status
2026-02-16 14:39:23 - api.main - INFO - GET /api/stream/status
2026-02-16 14:39:28 - api.main - INFO - GET /api/stream/status
2026-02-16 14:39:33 - api.main - INFO - GET /api/stream/status
2026-02-16 14:39:33 - api.main - INFO - GET /api/stream/status
2026-02-16 14:39:38 - api.main - INFO - GET /api/stream/status
2026-02-16 14:39:43 - api.main - INFO - GET /api/stream/status
2026-02-16 14:39:43 - api.main - INFO - GET /api/stream/status
2026-02-16 14:39:48 - api.main - INFO - GET /api/stream/status
2026-02-16 14:39:53 - api.main - INFO - GET /api/stream/status
2026-02-16 14:39:53 - api.main - INFO - GET /api/stream/status
2026-02-16 14:39:58 - api.main - INFO - GET /api/stream/status
2026-02-16 14:40:03 - api.main - INFO - GET /api/stream/status
2026-02-16 14:40:03 - api.main - INFO - GET /api/stream/status
2026-02-16 14:40:08 - api.main - INFO - GET /api/stream/status
2026-02-16 14:40:13 - api.main - INFO - GET /api/stream/status
2026-02-16 14:40:13 - api.main - INFO - GET /api/stream/status
2026-02-16 14:40:18 - api.main - INFO - GET /api/stream/status
2026-02-16 14:40:23 - api.main - INFO - GET /api/stream/status
2026-02-16 14:40:23 - api.main - INFO - GET /api/stream/status
2026-02-16 14:40:28 - api.main - INFO - GET /api/stream/status
2026-02-16 14:40:33 - api.main - INFO - GET /api/stream/status
2026-02-16 14:40:33 - api.main - INFO - GET /api/stream/status
2026-02-16 14:40:38 - api.main - INFO - GET /api/stream/status
2026-02-16 14:40:43 - api.main - INFO - GET /api/stream/status
2026-02-16 14:40:43 - api.main - INFO - GET /api/stream/status
2026-02-16 14:40:46 - api.main - INFO - POST /api/upload/scan
2026-02-16 14:40:48 - api.main - INFO - GET /api/stream/status
2026-02-16 14:40:53 - api.main - INFO - GET /api/stream/status
2026-02-16 14:40:53 - api.main - INFO - GET /api/stream/status
2026-02-16 14:40:53 - api.main - INFO - POST /api/upload/process
2026-02-16 14:40:57 - api.main - INFO - GET /api/kpis
2026-02-16 14:40:57 - api.main - INFO - GET /api/products/top
2026-02-16 14:40:57 - api.main - INFO - GET /api/sales/city
2026-02-16 14:40:57 - api.main - INFO - GET /api/revenue/timeseries
2026-02-16 14:40:57 - api.main - INFO - GET /api/stream/status
2026-02-16 14:40:59 - api.main - INFO - GET /api/trends/seasonal
2026-02-16 14:40:59 - api.main - INFO - GET /api/inventory/turnover
2026-02-16 14:41:01 - api.main - INFO - GET /api/customers/segmentation
2026-02-16 14:41:01 - api.main - INFO - GET /api/clv
2026-02-16 14:41:01 - api.main - INFO - GET /api/basket
2026-02-16 14:41:02 - api.main - INFO - GET /api/stream/status
2026-02-16 14:41:03 - api.main - INFO - GET /api/data-quality/kpis
2026-02-16 14:41:03 - api.main - INFO - GET /api/data-quality/trend
2026-02-16 14:41:03 - api.main - INFO - GET /api/data-quality/checks
2026-02-16 14:41:06 - api.main - INFO - GET /api/kpis
2026-02-16 14:41:06 - api.main - INFO - GET /api/sales/city
2026-02-16 14:41:06 - api.main - INFO - GET /api/products/top
2026-02-16 14:41:06 - api.main - INFO - GET /api/revenue/timeseries
2026-02-16 14:41:07 - api.main - INFO - GET /api/stream/status
2026-02-16 14:41:12 - api.main - INFO - GET /api/stream/status
2026-02-16 14:41:17 - api.main - INFO - GET /api/stream/status
2026-02-16 14:41:22 - api.main - INFO - GET /api/stream/status
2026-02-16 14:41:25 - api.main - INFO - POST /api/ask
2026-02-16 14:41:27 - api.main - INFO - GET /api/stream/status
2026-02-16 14:41:32 - api.main - INFO - GET /api/stream/status
2026-02-16 14:41:37 - api.main - INFO - GET /api/stream/status
2026-02-16 14:41:42 - api.main - INFO - GET /api/stream/status
2026-02-16 14:41:47 - api.main - INFO - GET /api/stream/status
2026-02-16 14:41:52 - api.main - INFO - GET /api/stream/status
2026-02-16 14:41:57 - api.main - INFO - GET /api/stream/status
2026-02-16 14:42:02 - api.main - INFO - GET /api/stream/status
2026-02-16 14:42:07 - api.main - INFO - GET /api/stream/status
2026-02-16 14:42:12 - api.main - INFO - GET /api/stream/status
2026-02-16 14:42:17 - api.main - INFO - GET /api/stream/status
2026-02-16 14:42:22 - api.main - INFO - GET /api/stream/status
2026-02-16 14:42:27 - api.main - INFO - GET /api/stream/status
2026-02-16 14:42:32 - api.main - INFO - GET /api/stream/status
2026-02-16 14:42:37 - api.main - INFO - GET /api/stream/status
2026-02-16 14:42:42 - api.main - INFO - GET /api/stream/status
2026-02-16 14:42:47 - api.main - INFO - GET /api/stream/status
2026-02-16 14:42:52 - api.main - INFO - GET /api/stream/status
2026-02-16 14:42:57 - api.main - INFO - GET /api/stream/status
2026-02-16 14:43:02 - api.main - INFO - GET /api/stream/status
2026-02-16 14:43:07 - api.main - INFO - GET /api/stream/status
2026-02-16 14:43:12 - api.main - INFO - GET /api/stream/status
2026-02-16 14:43:17 - api.main - INFO - GET /api/stream/status
2026-02-16 14:43:22 - api.main - INFO - GET /api/stream/status
2026-02-16 14:43:27 - api.main - INFO - GET /api/stream/status
2026-02-16 14:43:32 - api.main - INFO - GET /api/stream/status
2026-02-16 14:43:36 - api.main - INFO - GET /api/inventory/turnover
2026-02-16 14:43:36 - api.main - INFO - GET /api/trends/seasonal
2026-02-16 14:43:36 - api.main - INFO - GET /api/clv
2026-02-16 14:43:36 - api.main - INFO - GET /api/customers/segmentation
2026-02-16 14:43:36 - api.main - INFO - GET /api/basket
2026-02-16 14:43:37 - api.main - INFO - GET /api/stream/status
2026-02-16 14:43:37 - api.main - INFO - GET /api/data-quality/kpis
2026-02-16 14:43:37 - api.main - INFO - GET /api/data-quality/checks
2026-02-16 14:43:37 - api.main - INFO - GET /api/data-quality/trend
2026-02-16 14:43:41 - api.main - INFO - POST /api/stream/start
2026-02-16 14:43:41 - api.main - INFO - Stream started with burst data generation
2026-02-16 14:43:42 - api.main - INFO - GET /api/stream/status
2026-02-16 14:43:42 - api.main - INFO - GET /api/kpis
2026-02-16 14:43:42 - api.main - INFO - GET /api/products/top
2026-02-16 14:43:42 - api.main - INFO - GET /api/revenue/timeseries
2026-02-16 14:43:42 - api.main - INFO - GET /api/sales/city
2026-02-16 14:43:47 - api.main - INFO - GET /api/stream/status
2026-02-16 14:43:52 - api.main - INFO - GET /api/stream/status
2026-02-16 14:43:52 - api.main - INFO - GET /api/stream/status
2026-02-16 14:43:52 - api.main - INFO - GET /api/kpis
2026-02-16 14:43:52 - api.main - INFO - GET /api/revenue/timeseries
2026-02-16 14:43:52 - api.main - INFO - GET /api/products/top
2026-02-16 14:43:52 - api.main - INFO - GET /api/sales/city
2026-02-16 14:43:57 - api.main - INFO - GET /api/stream/status
2026-02-16 14:44:02 - api.main - INFO - GET /api/stream/status
2026-02-16 14:44:02 - api.main - INFO - GET /api/stream/status
2026-02-16 14:44:02 - api.main - INFO - GET /api/kpis
2026-02-16 14:44:02 - api.main - INFO - GET /api/sales/city
2026-02-16 14:44:02 - api.main - INFO - GET /api/revenue/timeseries
2026-02-16 14:44:02 - api.main - INFO - GET /api/products/top
2026-02-16 14:44:07 - api.main - INFO - GET /api/stream/status
2026-02-16 14:44:12 - api.main - INFO - GET /api/stream/status
2026-02-16 14:44:12 - api.main - INFO - GET /api/stream/status
2026-02-16 14:44:12 - api.main - INFO - GET /api/kpis
2026-02-16 14:44:12 - api.main - INFO - GET /api/sales/city
2026-02-16 14:44:12 - api.main - INFO - GET /api/revenue/timeseries
2026-02-16 14:44:12 - api.main - INFO - GET /api/products/top
2026-02-16 14:44:14 - api.main - INFO - POST /api/stream/stop
2026-02-16 14:44:17 - api.main - INFO - GET /api/stream/status
2026-02-16 14:44:22 - api.main - INFO - GET /api/stream/status
2026-02-16 14:44:27 - api.main - INFO - GET /api/stream/status
2026-02-16 14:44:32 - api.main - INFO - GET /api/stream/status
2026-02-16 14:44:32 - api.main - INFO - POST /api/ask
2026-02-16 14:44:37 - api.main - INFO - GET /api/stream/status
2026-02-16 14:44:42 - api.main - INFO - GET /api/stream/status
2026-02-16 14:44:44 - api.main - INFO - POST /api/ask
2026-02-16 14:44:45 - api.main - INFO - POST /api/ask
2026-02-16 14:44:45 - api.main - INFO - POST /api/ask
2026-02-16 14:44:46 - api.main - INFO - POST /api/ask
2026-02-16 14:44:46 - api.main - INFO - POST /api/ask
2026-02-16 14:44:47 - api.main - INFO - GET /api/stream/status
2026-02-16 14:44:52 - api.main - INFO - GET /api/stream/status
2026-02-16 14:44:57 - api.main - INFO - GET /api/stream/status
2026-02-16 14:45:02 - api.main - INFO - GET /api/stream/status
2026-02-16 14:45:07 - api.main - INFO - GET /api/stream/status
2026-02-16 14:45:12 - api.main - INFO - GET /api/stream/status
2026-02-16 14:45:17 - api.main - INFO - GET /api/stream/status
2026-02-16 14:45:22 - api.main - INFO - GET /api/stream/status
2026-02-16 14:45:27 - api.main - INFO - GET /api/stream/status
2026-02-16 14:45:32 - api.main - INFO - GET /api/stream/status
2026-02-16 14:45:37 - api.main - INFO - GET /api/stream/status
2026-02-16 14:45:42 - api.main - INFO - GET /api/stream/status
2026-02-16 14:45:47 - api.main - INFO - GET /api/stream/status
2026-02-16 14:45:52 - api.main - INFO - GET /api/stream/status
2026-02-16 14:45:57 - api.main - INFO - GET /api/stream/status
2026-02-16 14:46:02 - api.main - INFO - GET /api/stream/status
2026-02-16 14:46:07 - api.main - INFO - GET /api/stream/status
2026-02-16 14:46:12 - api.main - INFO - GET /api/stream/status
2026-02-16 14:46:17 - api.main - INFO - GET /api/stream/status
2026-02-16 14:46:22 - api.main - INFO - GET /api/stream/status
2026-02-16 14:46:27 - api.main - INFO - GET /api/stream/status
2026-02-16 14:46:32 - api.main - INFO - GET /api/stream/status
2026-02-16 14:46:37 - api.main - INFO - GET /api/stream/status
2026-02-16 14:46:42 - api.main - INFO - GET /api/stream/status
2026-02-16 14:46:47 - api.main - INFO - GET /api/stream/status
2026-02-16 14:46:52 - api.main - INFO - GET /api/stream/status
2026-02-16 14:46:57 - api.main - INFO - GET /api/stream/status
2026-02-16 14:47:02 - api.main - INFO - GET /api/stream/status
2026-02-16 14:47:07 - api.main - INFO - GET /api/stream/status
2026-02-16 14:47:12 - api.main - INFO - GET /api/stream/status
2026-02-16 14:47:17 - api.main - INFO - GET /api/stream/status
2026-02-16 14:47:22 - api.main - INFO - GET /api/stream/status
2026-02-16 14:47:27 - api.main - INFO - GET /api/stream/status
