[STREAM] Stream Generator started (interval: 5.0s)
[STREAM] Generating initial seed data (users, products, inventory, shipments)...
[STREAM] Seeded 400 initial events
[STREAM] Generating burst data to populate all KPIs...
[STREAM] Generated 115 burst events
[EVENT] #1: TXN_1771240241881 (3 products)
[EVENT] #4: TXN_1771240246695 (4 products)
[EVENT] #6: TXN_1771240253810 (3 products)
[EVENT] #7: TXN_1771240260568 (5 products)
[EVENT] #8: TXN_1771240266145 (2 products)
[EVENT] #11: TXN_1771240272792 (5 products)
[EVENT] #13: TXN_1771240276474 (5 products)
[EVENT] #14: TXN_1771240279213 (1 products)
[EVENT] #15: TXN_1771240282082 (2 products)
[EVENT] #16: TXN_1771240285651 (4 products)
[EVENT] #19: TXN_1771240291649 (3 products)
[EVENT] #20: TXN_1771240296458 (4 products)
[EVENT] #22: TXN_1771240302241 (2 products)
[EVENT] #24: TXN_1771240305633 (3 products)
[EVENT] #26: TXN_1771240312426 (2 products)
[EVENT] #27: TXN_1771240315311 (3 products)
[EVENT] #28: TXN_1771240320128 (1 products)
[EVENT] #30: TXN_1771240325902 (1 products)
[EVENT] #33: TXN_1771240333162 (4 products)
[EVENT] #34: TXN_1771240340121 (4 products)
[EVENT] #36: TXN_1771240344188 (4 products)
[EVENT] #38: TXN_1771240346947 (3 products)
[EVENT] #39: TXN_1771240351768 (2 products)
[EVENT] #41: TXN_1771240358940 (1 products)
[EVENT] #44: TXN_1771240364680 (2 products)
[EVENT] #46: TXN_1771240369759 (1 products)
[EVENT] #47: TXN_1771240376648 (4 products)
[EVENT] #49: TXN_1771240379951 (2 products)
[EVENT] #52: TXN_1771240383912 (1 products)
[EVENT] #54: TXN_1771240389996 (1 products)
[EVENT] #56: TXN_1771240395967 (1 products)
[EVENT] #58: TXN_1771240399704 (4 products)
[EVENT] #60: TXN_1771240403765 (2 products)
[EVENT] #61: TXN_1771240407739 (2 products)
[EVENT] #63: TXN_1771240413426 (2 products)
[EVENT] #65: TXN_1771240420323 (4 products)
[EVENT] #68: TXN_1771240425279 (5 products)
[EVENT] #70: TXN_1771240432565 (1 products)
[EVENT] #71: TXN_1771240439987 (3 products)
[EVENT] #72: TXN_1771240446053 (2 products)
[EVENT] #73: TXN_1771240449957 (4 products)
[EVENT] #75: TXN_1771240455180 (4 products)
[EVENT] #76: TXN_1771240460865 (2 products)
[EVENT] #79: TXN_1771240466930 (2 products)
[EVENT] #82: TXN_1771240474073 (5 products)
[EVENT] #84: TXN_1771240478765 (5 products)
[EVENT] #85: TXN_1771240481272 (2 products)
[EVENT] #87: TXN_1771240486893 (2 products)
[EVENT] #88: TXN_1771240493321 (4 products)
[EVENT] #91: TXN_1771240496975 (4 products)
[EVENT] #94: TXN_1771240501957 (1 products)
[EVENT] #97: TXN_1771240508713 (4 products)
[EVENT] #99: TXN_1771240511904 (1 products)
[EVENT] #101: TXN_1771240515089 (4 products)
[EVENT] #105: TXN_1771240522100 (4 products)
[EVENT] #107: TXN_1771240525308 (4 products)
[EVENT] #108: TXN_1771240529552 (2 products)
[EVENT] #110: TXN_1771240533997 (1 products)
[EVENT] #112: TXN_1771240538071 (5 products)
[EVENT] #114: TXN_1771240541393 (5 products)
[EVENT] #115: TXN_1771240544540 (5 products)
[EVENT] #116: TXN_1771240549991 (4 products)
[EVENT] #117: TXN_1771240554309 (5 products)
[EVENT] #118: TXN_1771240557704 (3 products)
[EVENT] #120: TXN_1771240561015 (2 products)
[EVENT] #121: TXN_1771240566699 (1 products)
[EVENT] #122: TXN_1771240570731 (1 products)
[EVENT] #125: TXN_1771240576803 (1 products)
[EVENT] #128: TXN_1771240583683 (5 products)
[EVENT] #129: TXN_1771240587437 (5 products)
[EVENT] #131: TXN_1771240593226 (3 products)
[EVENT] #134: TXN_1771240597127 (3 products)
[EVENT] #137: TXN_1771240599787 (2 products)
[EVENT] #138: TXN_1771240605523 (3 products)
[EVENT] #141: TXN_1771240610281 (3 products)
[EVENT] #143: TXN_1771240613711 (3 products)
[EVENT] #145: TXN_1771240618962 (1 products)
[EVENT] #146: TXN_1771240622449 (4 products)
[EVENT] #148: TXN_1771240628448 (5 products)
[EVENT] #149: TXN_1771240633043 (5 products)
[EVENT] #150: TXN_1771240638773 (1 products)
[EVENT] #152: TXN_1771240644546 (3 products)
[EVENT] #153: TXN_1771240647705 (3 products)
[EVENT] #155: TXN_1771240653212 (5 products)
[EVENT] #157: TXN_1771240655936 (1 products)
[EVENT] #159: TXN_1771240660506 (1 products)
[EVENT] #161: TXN_1771240664425 (4 products)
[EVENT] #162: TXN_1771240668937 (1 products)
[EVENT] #163: TXN_1771240675783 (2 products)
[EVENT] #165: TXN_1771240679461 (3 products)
[EVENT] #168: TXN_1771240684769 (3 products)
[EVENT] #170: TXN_1771240687437 (4 products)
[EVENT] #172: TXN_1771240690284 (5 products)
[EVENT] #174: TXN_1771240696193 (5 products)
[EVENT] #175: TXN_1771240703005 (3 products)
[EVENT] #176: TXN_1771240706287 (3 products)
[EVENT] #178: TXN_1771240709414 (3 products)
[EVENT] #180: TXN_1771240713202 (1 products)
[EVENT] #181: TXN_1771240718433 (3 products)
[EVENT] #183: TXN_1771240724902 (1 products)
[EVENT] #185: TXN_1771240728485 (1 products)
[EVENT] #187: TXN_1771240733989 (2 products)
[EVENT] #188: TXN_1771240741180 (1 products)
[EVENT] #190: TXN_1771240744186 (5 products)
[EVENT] #192: TXN_1771240750974 (1 products)
[EVENT] #194: TXN_1771240754802 (2 products)
[EVENT] #196: TXN_1771240758215 (2 products)
[EVENT] #198: TXN_1771240763805 (1 products)
[EVENT] #200: TXN_1771240768306 (2 products)
[EVENT] #201: TXN_1771240772961 (5 products)
[EVENT] #204: TXN_1771240779195 (1 products)
[EVENT] #206: TXN_1771240785764 (3 products)
[EVENT] #208: TXN_1771240789318 (5 products)
[EVENT] #210: TXN_1771240793962 (1 products)
[EVENT] #213: TXN_1771240799152 (1 products)
[EVENT] #214: TXN_1771240805442 (4 products)
[EVENT] #215: TXN_1771240808704 (2 products)
[EVENT] #217: TXN_1771240811951 (2 products)
[EVENT] #219: TXN_1771240817704 (3 products)
[EVENT] #221: TXN_1771240824781 (2 products)
[EVENT] #225: TXN_1771240828777 (4 products)
[EVENT] #227: TXN_1771240832923 (2 products)
[EVENT] #228: TXN_1771240835893 (1 products)
[EVENT] #229: TXN_1771240838919 (4 products)
[EVENT] #231: TXN_1771240842799 (1 products)
[EVENT] #232: TXN_1771240847733 (4 products)
[EVENT] #234: TXN_1771240851746 (5 products)
[EVENT] #236: TXN_1771240855813 (5 products)
[EVENT] #238: TXN_1771240858382 (1 products)
[EVENT] #240: TXN_1771240862056 (3 products)
[EVENT] #242: TXN_1771240869218 (4 products)
[EVENT] #244: TXN_1771240873244 (3 products)
[EVENT] #246: TXN_1771240878474 (4 products)
[EVENT] #248: TXN_1771240884311 (2 products)
[EVENT] #250: TXN_1771240891645 (2 products)
[EVENT] #252: TXN_1771240897893 (2 products)
[EVENT] #253: TXN_1771240904585 (2 products)
[EVENT] #254: TXN_1771240910455 (5 products)
[EVENT] #255: TXN_1771240917579 (4 products)
[EVENT] #258: TXN_1771240924756 (2 products)
[EVENT] #260: TXN_1771240930267 (4 products)
[EVENT] #262: TXN_1771240936041 (1 products)
[EVENT] #264: TXN_1771240939529 (4 products)
[EVENT] #265: TXN_1771240944687 (4 products)
[EVENT] #268: TXN_1771240951942 (3 products)
[EVENT] #270: TXN_1771240955074 (2 products)
[EVENT] #273: TXN_1771240959367 (4 products)
[EVENT] #275: TXN_1771240965137 (4 products)
[EVENT] #276: TXN_1771240970580 (2 products)
[EVENT] #278: TXN_1771240973174 (3 products)
[EVENT] #280: TXN_1771240978322 (4 products)
[EVENT] #281: TXN_1771240984295 (3 products)
[EVENT] #283: TXN_1771240990363 (1 products)
[EVENT] #285: TXN_1771240995936 (1 products)
[EVENT] #288: TXN_1771241000875 (5 products)
[EVENT] #290: TXN_1771241006687 (4 products)
[EVENT] #293: TXN_1771241012153 (1 products)
[EVENT] #295: TXN_1771241017600 (4 products)
[EVENT] #296: TXN_1771241022019 (2 products)
[EVENT] #299: TXN_1771241027196 (5 products)
[EVENT] #301: TXN_1771241032642 (2 products)
[EVENT] #302: TXN_1771241036876 (3 products)
[EVENT] #304: TXN_1771241043426 (4 products)
[EVENT] #305: TXN_1771241048118 (5 products)
[EVENT] #307: TXN_1771241052358 (3 products)
[EVENT] #308: TXN_1771241057834 (2 products)
[EVENT] #309: TXN_1771241062202 (1 products)
[EVENT] #310: TXN_1771241069360 (5 products)
[EVENT] #311: TXN_1771241076772 (1 products)
[EVENT] #314: TXN_1771241082866 (1 products)
[EVENT] #315: TXN_1771241089528 (5 products)
[EVENT] #316: TXN_1771241092786 (3 products)
[EVENT] #317: TXN_1771241095569 (3 products)
[EVENT] #320: TXN_1771241101482 (5 products)
[EVENT] #321: TXN_1771241104748 (5 products)
[EVENT] #323: TXN_1771241109796 (3 products)
[EVENT] #324: TXN_1771241114391 (5 products)
